# JRE version: OpenJDK Runtime Environment Temurin-17.0.4+8 (17.0.4+8) (build 17.0.4+8)
# Java VM: OpenJDK 64-Bit Server VM Temurin-17.0.4+8 (17.0.4+8, mixed mode, tiered, compressed oops, compressed class ptrs, g1 gc, windows-amd64)
GC Precious Log:
 CPUs: 12 total, 12 available
 Memory: 7502M
 Large Page Support: Disabled
 NUMA Support: Disabled
 Compressed Oops: Enabled (32-bit)
 Heap Region Size: 1M
 Heap Min Capacity: 8M
 Heap Initial Capacity: 118M
 Heap Max Capacity: 1876M
 Pre-touch: Disabled
 Parallel Workers: 10
 Concurrent Workers: 3
 Concurrent Refinement Workers: 10
 Periodic GC: Disabled
Heap:
 garbage-first heap   total 27648K, used 24015K [0x000000008ac00000, 0x0000000100000000)
  region size 1024K, 9 young (9216K), 1 survivors (1024K)
 Metaspace       used 34792K, committed 35072K, reserved 1081344K
  class space    used 4045K, committed 4160K, reserved 1048576K
GC Heap History (14 events):
Event: 1.830 GC heap before
{Heap before GC invocations=0 (full 0):
 garbage-first heap   total 120832K, used 23552K [0x000000008ac00000, 0x0000000100000000)
  region size 1024K, 23 young (23552K), 0 survivors (0K)
 Metaspace       used 14626K, committed 14848K, reserved 1064960K
  class space    used 1448K, committed 1600K, reserved 1048576K
}
Event: 1.836 GC heap after
{Heap after GC invocations=1 (full 0):
 garbage-first heap   total 120832K, used 5060K [0x000000008ac00000, 0x0000000100000000)
  region size 1024K, 3 young (3072K), 3 survivors (3072K)
 Metaspace       used 14626K, committed 14848K, reserved 1064960K
  class space    used 1448K, committed 1600K, reserved 1048576K
}
Event: 3.934 GC heap before
{Heap before GC invocations=1 (full 0):
 garbage-first heap   total 120832K, used 29636K [0x000000008ac00000, 0x0000000100000000)
  region size 1024K, 28 young (28672K), 3 survivors (3072K)
 Metaspace       used 21273K, committed 21504K, reserved 1073152K
  class space    used 2361K, committed 2432K, reserved 1048576K
}
Event: 3.940 GC heap after
{Heap after GC invocations=2 (full 0):
 garbage-first heap   total 120832K, used 6823K [0x000000008ac00000, 0x0000000100000000)
  region size 1024K, 2 young (2048K), 2 survivors (2048K)
 Metaspace       used 21273K, committed 21504K, reserved 1073152K
  class space    used 2361K, committed 2432K, reserved 1048576K
}
Event: 4.378 GC heap before
{Heap before GC invocations=3 (full 0):
 garbage-first heap   total 27648K, used 20135K [0x000000008ac00000, 0x0000000100000000)
  region size 1024K, 16 young (16384K), 2 survivors (2048K)
 Metaspace       used 25930K, committed 26240K, reserved 1073152K
  class space    used 2915K, committed 3072K, reserved 1048576K
}
Event: 4.382 GC heap after
{Heap after GC invocations=4 (full 0):
 garbage-first heap   total 27648K, used 9174K [0x000000008ac00000, 0x0000000100000000)
  region size 1024K, 2 young (2048K), 2 survivors (2048K)
 Metaspace       used 25930K, committed 26240K, reserved 1073152K
  class space    used 2915K, committed 3072K, reserved 1048576K
}
Event: 4.386 GC heap before
{Heap before GC invocations=4 (full 0):
 garbage-first heap   total 27648K, used 10198K [0x000000008ac00000, 0x0000000100000000)
  region size 1024K, 3 young (3072K), 2 survivors (2048K)
 Metaspace       used 25946K, committed 26304K, reserved 1073152K
  class space    used 2916K, committed 3072K, reserved 1048576K
}
Event: 4.389 GC heap after
{Heap after GC invocations=5 (full 0):
 garbage-first heap   total 27648K, used 9803K [0x000000008ac00000, 0x0000000100000000)
  region size 1024K, 1 young (1024K), 1 survivors (1024K)
 Metaspace       used 25946K, committed 26304K, reserved 1073152K
  class space    used 2916K, committed 3072K, reserved 1048576K
}
Event: 4.782 GC heap before
{Heap before GC invocations=5 (full 0):
 garbage-first heap   total 27648K, used 20043K [0x000000008ac00000, 0x0000000100000000)
  region size 1024K, 11 young (11264K), 1 survivors (1024K)
 Metaspace       used 29495K, committed 29824K, reserved 1081344K
  class space    used 3336K, committed 3520K, reserved 1048576K
}
Event: 4.784 GC heap after
{Heap after GC invocations=6 (full 0):
 garbage-first heap   total 27648K, used 10949K [0x000000008ac00000, 0x0000000100000000)
  region size 1024K, 2 young (2048K), 2 survivors (2048K)
 Metaspace       used 29495K, committed 29824K, reserved 1081344K
  class space    used 3336K, committed 3520K, reserved 1048576K
}
Event: 5.277 GC heap before
{Heap before GC invocations=6 (full 0):
 garbage-first heap   total 27648K, used 20165K [0x000000008ac00000, 0x0000000100000000)
  region size 1024K, 11 young (11264K), 2 survivors (2048K)
 Metaspace       used 31923K, committed 32256K, reserved 1081344K
  class space    used 3657K, committed 3840K, reserved 1048576K
}
Event: 5.279 GC heap after
{Heap after GC invocations=7 (full 0):
 garbage-first heap   total 27648K, used 11498K [0x000000008ac00000, 0x0000000100000000)
  region size 1024K, 1 young (1024K), 1 survivors (1024K)
 Metaspace       used 31923K, committed 32256K, reserved 1081344K
  class space    used 3657K, committed 3840K, reserved 1048576K
}
Event: 5.353 GC heap before
{Heap before GC invocations=7 (full 0):
 garbage-first heap   total 27648K, used 13546K [0x000000008ac00000, 0x0000000100000000)
  region size 1024K, 4 young (4096K), 1 survivors (1024K)
 Metaspace       used 32744K, committed 33088K, reserved 1081344K
  class space    used 3781K, committed 3968K, reserved 1048576K
}
Event: 5.355 GC heap after
{Heap after GC invocations=8 (full 0):
 garbage-first heap   total 27648K, used 11727K [0x000000008ac00000, 0x0000000100000000)
  region size 1024K, 1 young (1024K), 1 survivors (1024K)
 Metaspace       used 32744K, committed 33088K, reserved 1081344K
  class space    used 3781K, committed 3968K, reserved 1048576K
}

